ERROR - 2023-01-29 18:33:16 --> mysqli_sql_exception: Unknown column 'senhaUsu' in 'where clause' in C:\xampp\htdocs\curso_ci4\dashboard-v1\system\Database\MySQLi\Connection.php:292
Stack trace:
#0 C:\xampp\htdocs\curso_ci4\dashboard-v1\system\Database\MySQLi\Connection.php(292): mysqli->query('SELECT *\nFROM `...', 0)
#1 C:\xampp\htdocs\curso_ci4\dashboard-v1\system\Database\BaseConnection.php(666): CodeIgniter\Database\MySQLi\Connection->execute('SELECT *\nFROM `...')
#2 C:\xampp\htdocs\curso_ci4\dashboard-v1\system\Database\BaseConnection.php(593): CodeIgniter\Database\BaseConnection->simpleQuery('SELECT *\nFROM `...')
#3 C:\xampp\htdocs\curso_ci4\dashboard-v1\system\Database\BaseBuilder.php(1585): CodeIgniter\Database\BaseConnection->query('SELECT *\nFROM `...', Array, false)
#4 C:\xampp\htdocs\curso_ci4\dashboard-v1\system\Model.php(267): CodeIgniter\Database\BaseBuilder->get()
#5 C:\xampp\htdocs\curso_ci4\dashboard-v1\system\BaseModel.php(624): CodeIgniter\Model->doFirst()
#6 C:\xampp\htdocs\curso_ci4\dashboard-v1\app\Controllers\Login.php(27): CodeIgniter\BaseModel->first()
#7 C:\xampp\htdocs\curso_ci4\dashboard-v1\system\CodeIgniter.php(925): App\Controllers\Login->autenticar()
#8 C:\xampp\htdocs\curso_ci4\dashboard-v1\system\CodeIgniter.php(480): CodeIgniter\CodeIgniter->runController(Object(App\Controllers\Login))
#9 C:\xampp\htdocs\curso_ci4\dashboard-v1\system\CodeIgniter.php(349): CodeIgniter\CodeIgniter->handleRequest(NULL, Object(Config\Cache), false)
#10 C:\xampp\htdocs\curso_ci4\dashboard-v1\public\index.php(67): CodeIgniter\CodeIgniter->run()
#11 {main}
CRITICAL - 2023-01-29 18:33:16 --> Unknown column 'senhaUsu' in 'where clause'
in SYSTEMPATH\Database\MySQLi\Connection.php on line 292.
 1 SYSTEMPATH\Database\MySQLi\Connection.php(292): mysqli->query('SELECT *
FROM `tbUsuario`
WHERE `apelidUsu` = \'asdasd\'
AND `senhaUsu` = \'asdas\'
AND `tbUsuario`.`deleted_at` IS NULL
 LIMIT 1', 0)
 2 SYSTEMPATH\Database\BaseConnection.php(666): CodeIgniter\Database\MySQLi\Connection->execute('SELECT *
FROM `tbUsuario`
WHERE `apelidUsu` = \'asdasd\'
AND `senhaUsu` = \'asdas\'
AND `tbUsuario`.`deleted_at` IS NULL
 LIMIT 1')
 3 SYSTEMPATH\Database\BaseConnection.php(593): CodeIgniter\Database\BaseConnection->simpleQuery('SELECT *
FROM `tbUsuario`
WHERE `apelidUsu` = \'asdasd\'
AND `senhaUsu` = \'asdas\'
AND `tbUsuario`.`deleted_at` IS NULL
 LIMIT 1')
 4 SYSTEMPATH\Database\BaseBuilder.php(1585): CodeIgniter\Database\BaseConnection->query('SELECT *
FROM `tbUsuario`
WHERE `apelidUsu` = :apelidUsu:
AND `senhaUsu` = :senhaUsu:
AND `tbUsuario`.`deleted_at` IS NULL
 LIMIT 1', [...], false)
 5 SYSTEMPATH\Model.php(267): CodeIgniter\Database\BaseBuilder->get()
 6 SYSTEMPATH\BaseModel.php(624): CodeIgniter\Model->doFirst()
 7 APPPATH\Controllers\Login.php(27): CodeIgniter\BaseModel->first()
 8 SYSTEMPATH\CodeIgniter.php(925): App\Controllers\Login->autenticar()
 9 SYSTEMPATH\CodeIgniter.php(480): CodeIgniter\CodeIgniter->runController(Object(App\Controllers\Login))
10 SYSTEMPATH\CodeIgniter.php(349): CodeIgniter\CodeIgniter->handleRequest(null, Object(Config\Cache), false)
11 FCPATH\index.php(67): CodeIgniter\CodeIgniter->run()
CRITICAL - 2023-01-29 18:44:13 --> Too few arguments to function CodeIgniter\HTTP\RedirectResponse::to(), 0 passed in C:\xampp\htdocs\curso_ci4\dashboard-v1\app\Controllers\Login.php on line 35 and at least 1 expected
in SYSTEMPATH\HTTP\RedirectResponse.php on line 32.
 1 APPPATH\Controllers\Login.php(35): CodeIgniter\HTTP\RedirectResponse->to()
 2 SYSTEMPATH\CodeIgniter.php(925): App\Controllers\Login->autenticar()
 3 SYSTEMPATH\CodeIgniter.php(480): CodeIgniter\CodeIgniter->runController(Object(App\Controllers\Login))
 4 SYSTEMPATH\CodeIgniter.php(349): CodeIgniter\CodeIgniter->handleRequest(null, Object(Config\Cache), false)
 5 FCPATH\index.php(67): CodeIgniter\CodeIgniter->run()
CRITICAL - 2023-01-29 18:52:19 --> Undefined variable $nomUsu
in APPPATH\Views\templates\sidebar.php on line 17.
 1 APPPATH\Views\templates\sidebar.php(17): CodeIgniter\Debug\Exceptions->errorHandler(2, 'Undefined variable $nomUsu', 'APPPATH\\Views\\templates\\sidebar.php', 17)
 2 APPPATH\Views\templates\header.php(22): include_once('APPPATH\\Views\\templates\\sidebar.php')
 3 SYSTEMPATH\View\View.php(213): include('APPPATH\\Views\\templates\\header.php')
 4 SYSTEMPATH\View\View.php(216): CodeIgniter\View\View->CodeIgniter\View\{closure}()
 5 SYSTEMPATH\Common.php(1135): CodeIgniter\View\View->render('templates/header', [], true)
 6 APPPATH\Controllers\Home.php(11): view('templates/header')
 7 SYSTEMPATH\CodeIgniter.php(925): App\Controllers\Home->index()
 8 SYSTEMPATH\CodeIgniter.php(480): CodeIgniter\CodeIgniter->runController(Object(App\Controllers\Home))
 9 SYSTEMPATH\CodeIgniter.php(349): CodeIgniter\CodeIgniter->handleRequest(null, Object(Config\Cache), false)
10 FCPATH\index.php(67): CodeIgniter\CodeIgniter->run()
CRITICAL - 2023-01-29 18:52:57 --> Undefined variable $nomUsu
in APPPATH\Views\home\index.php on line 10.
 1 APPPATH\Views\home\index.php(10): CodeIgniter\Debug\Exceptions->errorHandler(2, 'Undefined variable $nomUsu', 'APPPATH\\Views\\home\\index.php', 10)
 2 SYSTEMPATH\View\View.php(213): include('APPPATH\\Views\\home\\index.php')
 3 SYSTEMPATH\View\View.php(216): CodeIgniter\View\View->CodeIgniter\View\{closure}()
 4 SYSTEMPATH\Common.php(1135): CodeIgniter\View\View->render('home/index', [], true)
 5 APPPATH\Controllers\Home.php(12): view('home/index')
 6 SYSTEMPATH\CodeIgniter.php(925): App\Controllers\Home->index()
 7 SYSTEMPATH\CodeIgniter.php(480): CodeIgniter\CodeIgniter->runController(Object(App\Controllers\Home))
 8 SYSTEMPATH\CodeIgniter.php(349): CodeIgniter\CodeIgniter->handleRequest(null, Object(Config\Cache), false)
 9 FCPATH\index.php(67): CodeIgniter\CodeIgniter->run()
CRITICAL - 2023-01-29 18:54:54 --> Undefined variable $session
in APPPATH\Views\home\index.php on line 2.
 1 APPPATH\Views\home\index.php(2): CodeIgniter\Debug\Exceptions->errorHandler(2, 'Undefined variable $session', 'APPPATH\\Views\\home\\index.php', 2)
 2 SYSTEMPATH\View\View.php(213): include('APPPATH\\Views\\home\\index.php')
 3 SYSTEMPATH\View\View.php(216): CodeIgniter\View\View->CodeIgniter\View\{closure}()
 4 SYSTEMPATH\Common.php(1135): CodeIgniter\View\View->render('home/index', [], true)
 5 APPPATH\Controllers\Home.php(12): view('home/index')
 6 SYSTEMPATH\CodeIgniter.php(925): App\Controllers\Home->index()
 7 SYSTEMPATH\CodeIgniter.php(480): CodeIgniter\CodeIgniter->runController(Object(App\Controllers\Home))
 8 SYSTEMPATH\CodeIgniter.php(349): CodeIgniter\CodeIgniter->handleRequest(null, Object(Config\Cache), false)
 9 FCPATH\index.php(67): CodeIgniter\CodeIgniter->run()
